<?xml version="1.0" encoding="UTF-8"?>
<!-- Generated by org.testng.reporters.JUnitXMLReporter -->
<testsuite hostname="DESKTOP-1Q5OD2B" ignored="0" name="FirefoxTest" tests="8" failures="0" timestamp="06 Oct 2019 10:16:28 GMT" time="125.809" errors="0">
  <testcase name="adminLogin" time="9.477" classname="Application.AvactisRegisteredUser"/>
  <testcase name="adminLogin" time="5.996" classname="Application.AvactisRegisteredUser"/>
  <testcase name="clickOnCustomer" time="9.37" classname="Application.AvactisRegisteredUser"/>
  <testcase name="checkDetails" time="26.896" classname="Application.AvactisRegisteredUser"/>
  <testcase name="adminLogin" time="9.488" classname="Application.AvactisGuestUser"/>
  <testcase name="adminLogin" time="6.455" classname="Application.AvactisGuestUser"/>
  <testcase name="clickOnCustomer" time="9.404" classname="Application.AvactisGuestUser"/>
  <testcase name="checkDetails" time="27.751" classname="Application.AvactisGuestUser"/>
</testsuite> <!-- FirefoxTest -->
