<?xml version="1.0" encoding="UTF-8"?>
<!-- Generated by org.testng.reporters.JUnitXMLReporter -->
<testsuite hostname="DESKTOP-1Q5OD2B" ignored="0" name="FirefoxTest" tests="32" failures="0" timestamp="07 Oct 2019 17:32:08 GMT" time="34.74" errors="0">
  <testcase name="CustomerHome" time="9.848" classname="ApplicationTest.AvactisRegisteredUser"/>
  <testcase name="CustomerRegister" time="0.0" classname="ApplicationTest.AvactisRegisteredUser">
    <skipped/>
  </testcase> <!-- CustomerRegister -->
  <testcase name="CustomerSignIn" time="0.0" classname="ApplicationTest.AvactisRegisteredUser">
    <skipped/>
  </testcase> <!-- CustomerSignIn -->
  <testcase name="CustomerSignedInPage" time="0.0" classname="ApplicationTest.AvactisRegisteredUser">
    <skipped/>
  </testcase> <!-- CustomerSignedInPage -->
  <testcase name="ProductHomePage" time="0.0" classname="ApplicationTest.AvactisRegisteredUser">
    <skipped/>
  </testcase> <!-- ProductHomePage -->
  <testcase name="clickViewCart" time="0.0" classname="ApplicationTest.AvactisRegisteredUser">
    <skipped/>
  </testcase> <!-- clickViewCart -->
  <testcase name="verifyProduct" time="0.0" classname="ApplicationTest.AvactisRegisteredUser">
    <skipped/>
  </testcase> <!-- verifyProduct -->
  <testcase name="clickCheckout" time="0.0" classname="ApplicationTest.AvactisRegisteredUser">
    <skipped/>
  </testcase> <!-- clickCheckout -->
  <testcase name="clickOnContinueCheckout" time="0.0" classname="ApplicationTest.AvactisRegisteredUser">
    <skipped/>
  </testcase> <!-- clickOnContinueCheckout -->
  <testcase name="selectBillingOption" time="0.0" classname="ApplicationTest.AvactisRegisteredUser">
    <skipped/>
  </testcase> <!-- selectBillingOption -->
  <testcase name="selectShippingOption" time="0.0" classname="ApplicationTest.AvactisRegisteredUser">
    <skipped/>
  </testcase> <!-- selectShippingOption -->
  <testcase name="clickOnContinueCheckout2" time="0.0" classname="ApplicationTest.AvactisRegisteredUser">
    <skipped/>
  </testcase> <!-- clickOnContinueCheckout2 -->
  <testcase name="clickPlaceOrder" time="0.0" classname="ApplicationTest.AvactisRegisteredUser">
    <skipped/>
  </testcase> <!-- clickPlaceOrder -->
  <testcase name="verifyOrder" time="0.0" classname="ApplicationTest.AvactisRegisteredUser">
    <skipped/>
  </testcase> <!-- verifyOrder -->
  <testcase name="adminLogin" time="0.0" classname="ApplicationTest.AvactisRegisteredUser">
    <skipped/>
  </testcase> <!-- adminLogin -->
  <testcase name="clickOnCustomer" time="0.0" classname="ApplicationTest.AvactisRegisteredUser">
    <skipped/>
  </testcase> <!-- clickOnCustomer -->
  <testcase name="checkDetails" time="0.004" classname="ApplicationTest.AvactisRegisteredUser">
    <skipped/>
  </testcase> <!-- checkDetails -->
  <testcase name="customerHome" time="10.801" classname="ApplicationTest.AvactisGuestUser"/>
  <testcase name="ProductHomePage" time="0.0" classname="ApplicationTest.AvactisGuestUser">
    <skipped/>
  </testcase> <!-- ProductHomePage -->
  <testcase name="clickViewCart" time="0.0" classname="ApplicationTest.AvactisGuestUser">
    <skipped/>
  </testcase> <!-- clickViewCart -->
  <testcase name="verifyProduct" time="0.0" classname="ApplicationTest.AvactisGuestUser">
    <skipped/>
  </testcase> <!-- verifyProduct -->
  <testcase name="clickCheckout" time="0.0" classname="ApplicationTest.AvactisGuestUser">
    <skipped/>
  </testcase> <!-- clickCheckout -->
  <testcase name="guestCustomerDetails" time="0.0" classname="ApplicationTest.AvactisGuestUser">
    <skipped/>
  </testcase> <!-- guestCustomerDetails -->
  <testcase name="clickOnContinueCheckout" time="0.0" classname="ApplicationTest.AvactisGuestUser">
    <skipped/>
  </testcase> <!-- clickOnContinueCheckout -->
  <testcase name="selectBillingOption" time="0.0" classname="ApplicationTest.AvactisGuestUser">
    <skipped/>
  </testcase> <!-- selectBillingOption -->
  <testcase name="selectShippingOption" time="0.0" classname="ApplicationTest.AvactisGuestUser">
    <skipped/>
  </testcase> <!-- selectShippingOption -->
  <testcase name="clickOnContinueCheckout2" time="0.0" classname="ApplicationTest.AvactisGuestUser">
    <skipped/>
  </testcase> <!-- clickOnContinueCheckout2 -->
  <testcase name="clickPlaceOrder" time="0.0" classname="ApplicationTest.AvactisGuestUser">
    <skipped/>
  </testcase> <!-- clickPlaceOrder -->
  <testcase name="verifyOrder" time="0.0" classname="ApplicationTest.AvactisGuestUser">
    <skipped/>
  </testcase> <!-- verifyOrder -->
  <testcase name="adminLogin" time="0.0" classname="ApplicationTest.AvactisGuestUser">
    <skipped/>
  </testcase> <!-- adminLogin -->
  <testcase name="clickOnCustomer" time="0.0" classname="ApplicationTest.AvactisGuestUser">
    <skipped/>
  </testcase> <!-- clickOnCustomer -->
  <testcase name="checkDetails" time="0.001" classname="ApplicationTest.AvactisGuestUser">
    <skipped/>
  </testcase> <!-- checkDetails -->
</testsuite> <!-- FirefoxTest -->
