<?xml version="1.0" encoding="UTF-8"?>
<!-- Generated by org.testng.reporters.JUnitXMLReporter -->
<testsuite hostname="DESKTOP-1Q5OD2B" ignored="0" name="FirefoxTest" tests="44" failures="0" timestamp="06 Oct 2019 10:28:02 GMT" time="346.373" errors="0">
  <testcase name="CustomerHome" time="10.298" classname="Application.AvactisRegisteredUser"/>
  <testcase name="CustomerRegister" time="14.947" classname="Application.AvactisRegisteredUser"/>
  <testcase name="CustomerRegister" time="16.454" classname="Application.AvactisRegisteredUser"/>
  <testcase name="CustomerRegister" time="15.6" classname="Application.AvactisRegisteredUser"/>
  <testcase name="CustomerSignIn" time="0.008" classname="Application.AvactisRegisteredUser"/>
  <testcase name="CustomerSignedInPage" time="4.295" classname="Application.AvactisRegisteredUser"/>
  <testcase name="ProductHomePage" time="11.038" classname="Application.AvactisRegisteredUser"/>
  <testcase name="ProductHomePage" time="11.512" classname="Application.AvactisRegisteredUser"/>
  <testcase name="ProductHomePage" time="11.747" classname="Application.AvactisRegisteredUser"/>
  <testcase name="clickViewCart" time="4.411" classname="Application.AvactisRegisteredUser"/>
  <testcase name="verifyProduct" time="5.033" classname="Application.AvactisRegisteredUser"/>
  <testcase name="verifyProduct" time="0.27" classname="Application.AvactisRegisteredUser"/>
  <testcase name="verifyProduct" time="0.116" classname="Application.AvactisRegisteredUser"/>
  <testcase name="clickCheckout" time="5.806" classname="Application.AvactisRegisteredUser"/>
  <testcase name="clickOnContinueCheckout" time="1.204" classname="Application.AvactisRegisteredUser"/>
  <testcase name="selectBillingOption" time="3.908" classname="Application.AvactisRegisteredUser"/>
  <testcase name="selectShippingOption" time="0.511" classname="Application.AvactisRegisteredUser"/>
  <testcase name="clickOnContinueCheckout2" time="0.525" classname="Application.AvactisRegisteredUser"/>
  <testcase name="clickPlaceOrder" time="9.264" classname="Application.AvactisRegisteredUser"/>
  <testcase name="verifyOrder" time="9.841" classname="Application.AvactisRegisteredUser"/>
  <testcase name="adminLogin" time="8.755" classname="Application.AvactisRegisteredUser"/>
  <testcase name="adminLogin" time="5.785" classname="Application.AvactisRegisteredUser"/>
  <testcase name="clickOnCustomer" time="8.99" classname="Application.AvactisRegisteredUser"/>
  <testcase name="checkDetails" time="26.276" classname="Application.AvactisRegisteredUser"/>
  <testcase name="customerHome" time="11.699" classname="Application.AvactisGuestUser"/>
  <testcase name="ProductHomePage" time="10.811" classname="Application.AvactisGuestUser"/>
  <testcase name="ProductHomePage" time="11.363" classname="Application.AvactisGuestUser"/>
  <testcase name="ProductHomePage" time="11.228" classname="Application.AvactisGuestUser"/>
  <testcase name="clickViewCart" time="8.815" classname="Application.AvactisGuestUser"/>
  <testcase name="verifyProduct" time="0.432" classname="Application.AvactisGuestUser"/>
  <testcase name="verifyProduct" time="0.304" classname="Application.AvactisGuestUser"/>
  <testcase name="verifyProduct" time="0.204" classname="Application.AvactisGuestUser"/>
  <testcase name="clickCheckout" time="5.696" classname="Application.AvactisGuestUser"/>
  <testcase name="guestCustomerDetails" time="3.059" classname="Application.AvactisGuestUser"/>
  <testcase name="clickOnContinueCheckout" time="0.461" classname="Application.AvactisGuestUser"/>
  <testcase name="selectBillingOption" time="3.922" classname="Application.AvactisGuestUser"/>
  <testcase name="selectShippingOption" time="0.51" classname="Application.AvactisGuestUser"/>
  <testcase name="clickOnContinueCheckout2" time="0.348" classname="Application.AvactisGuestUser"/>
  <testcase name="clickPlaceOrder" time="9.053" classname="Application.AvactisGuestUser"/>
  <testcase name="verifyOrder" time="10.584" classname="Application.AvactisGuestUser"/>
  <testcase name="adminLogin" time="7.859" classname="Application.AvactisGuestUser"/>
  <testcase name="adminLogin" time="6.44" classname="Application.AvactisGuestUser"/>
  <testcase name="clickOnCustomer" time="8.871" classname="Application.AvactisGuestUser"/>
  <testcase name="checkDetails" time="25.718" classname="Application.AvactisGuestUser"/>
</testsuite> <!-- FirefoxTest -->
